==00:00:00:00.000 4715== Memcheck, a memory error detector
==00:00:00:00.000 4715== Copyright (C) 2002-2017, and GNU GPL'd, by Julian Seward et al.
==00:00:00:00.000 4715== Using Valgrind-3.13.0 and LibVEX; rerun with -h for copyright info
==00:00:00:00.000 4715== Command: ./astar
==00:00:00:00.000 4715== Parent PID: 2687
==00:00:00:00.000 4715== 
==00:00:00:00.673 4715== Conditional jump or move depends on uninitialised value(s)
==00:00:00:00.673 4715==    at 0x4F4403A: std::ostreambuf_iterator<char, std::char_traits<char> > std::num_put<char, std::ostreambuf_iterator<char, std::char_traits<char> > >::_M_insert_int<long>(std::ostreambuf_iterator<char, std::char_traits<char> >, std::ios_base&, char, long) const (in /usr/lib/x86_64-linux-gnu/libstdc++.so.6.0.25)
==00:00:00:00.673 4715==    by 0x4F50384: std::ostream& std::ostream::_M_insert<long>(long) (in /usr/lib/x86_64-linux-gnu/libstdc++.so.6.0.25)
==00:00:00:00.673 4715==    by 0x109564: main (fabrica_edificios.cpp:53)
==00:00:00:00.673 4715== 
==00:00:00:00.673 4715== Use of uninitialised value of size 8
==00:00:00:00.673 4715==    at 0x4F43B3E: ??? (in /usr/lib/x86_64-linux-gnu/libstdc++.so.6.0.25)
==00:00:00:00.674 4715==    by 0x4F44063: std::ostreambuf_iterator<char, std::char_traits<char> > std::num_put<char, std::ostreambuf_iterator<char, std::char_traits<char> > >::_M_insert_int<long>(std::ostreambuf_iterator<char, std::char_traits<char> >, std::ios_base&, char, long) const (in /usr/lib/x86_64-linux-gnu/libstdc++.so.6.0.25)
==00:00:00:00.674 4715==    by 0x4F50384: std::ostream& std::ostream::_M_insert<long>(long) (in /usr/lib/x86_64-linux-gnu/libstdc++.so.6.0.25)
==00:00:00:00.674 4715==    by 0x109564: main (fabrica_edificios.cpp:53)
==00:00:00:00.674 4715== 
==00:00:00:00.674 4715== Conditional jump or move depends on uninitialised value(s)
==00:00:00:00.674 4715==    at 0x4F43B4B: ??? (in /usr/lib/x86_64-linux-gnu/libstdc++.so.6.0.25)
==00:00:00:00.674 4715==    by 0x4F44063: std::ostreambuf_iterator<char, std::char_traits<char> > std::num_put<char, std::ostreambuf_iterator<char, std::char_traits<char> > >::_M_insert_int<long>(std::ostreambuf_iterator<char, std::char_traits<char> >, std::ios_base&, char, long) const (in /usr/lib/x86_64-linux-gnu/libstdc++.so.6.0.25)
==00:00:00:00.674 4715==    by 0x4F50384: std::ostream& std::ostream::_M_insert<long>(long) (in /usr/lib/x86_64-linux-gnu/libstdc++.so.6.0.25)
==00:00:00:00.674 4715==    by 0x109564: main (fabrica_edificios.cpp:53)
==00:00:00:00.674 4715== 
==00:00:00:00.674 4715== Conditional jump or move depends on uninitialised value(s)
==00:00:00:00.674 4715==    at 0x4F44096: std::ostreambuf_iterator<char, std::char_traits<char> > std::num_put<char, std::ostreambuf_iterator<char, std::char_traits<char> > >::_M_insert_int<long>(std::ostreambuf_iterator<char, std::char_traits<char> >, std::ios_base&, char, long) const (in /usr/lib/x86_64-linux-gnu/libstdc++.so.6.0.25)
==00:00:00:00.674 4715==    by 0x4F50384: std::ostream& std::ostream::_M_insert<long>(long) (in /usr/lib/x86_64-linux-gnu/libstdc++.so.6.0.25)
==00:00:00:00.674 4715==    by 0x109564: main (fabrica_edificios.cpp:53)
==00:00:00:00.674 4715== 
==00:00:00:00.700 4715== 
==00:00:00:00.700 4715== FILE DESCRIPTORS: 4 open at exit.
==00:00:00:00.700 4715== Open file descriptor 3: /home/ramiro/Escritorio/Dune/Edificios/valgrind_client.out
==00:00:00:00.700 4715==    <inherited from parent>
==00:00:00:00.700 4715== 
==00:00:00:00.700 4715== Open file descriptor 2: /dev/pts/1
==00:00:00:00.700 4715==    <inherited from parent>
==00:00:00:00.700 4715== 
==00:00:00:00.700 4715== Open file descriptor 1: /dev/pts/1
==00:00:00:00.700 4715==    <inherited from parent>
==00:00:00:00.700 4715== 
==00:00:00:00.700 4715== Open file descriptor 0: /dev/pts/1
==00:00:00:00.700 4715==    <inherited from parent>
==00:00:00:00.700 4715== 
==00:00:00:00.700 4715== 
==00:00:00:00.700 4715== HEAP SUMMARY:
==00:00:00:00.700 4715==     in use at exit: 0 bytes in 0 blocks
==00:00:00:00.700 4715==   total heap usage: 2 allocs, 2 frees, 73,728 bytes allocated
==00:00:00:00.700 4715== 
==00:00:00:00.700 4715== All heap blocks were freed -- no leaks are possible
==00:00:00:00.700 4715== 
==00:00:00:00.700 4715== For counts of detected and suppressed errors, rerun with: -v
==00:00:00:00.700 4715== Use --track-origins=yes to see where uninitialised values come from
==00:00:00:00.700 4715== ERROR SUMMARY: 8 errors from 4 contexts (suppressed: 0 from 0)
