==00:00:00:00.000 4523== Memcheck, a memory error detector
==00:00:00:00.000 4523== Copyright (C) 2002-2017, and GNU GPL'd, by Julian Seward et al.
==00:00:00:00.000 4523== Using Valgrind-3.13.0 and LibVEX; rerun with -h for copyright info
==00:00:00:00.000 4523== Command: ./main
==00:00:00:00.000 4523== Parent PID: 2661
==00:00:00:00.000 4523== 
==00:00:00:12.575 4523== 
==00:00:00:12.575 4523== FILE DESCRIPTORS: 4 open at exit.
==00:00:00:12.575 4523== Open file descriptor 3: /home/ramiro/Escritorio/Dune/build/valgrind_server.out
==00:00:00:12.575 4523==    <inherited from parent>
==00:00:00:12.575 4523== 
==00:00:00:12.575 4523== Open file descriptor 2: /dev/pts/0
==00:00:00:12.575 4523==    <inherited from parent>
==00:00:00:12.575 4523== 
==00:00:00:12.575 4523== Open file descriptor 1: /dev/pts/0
==00:00:00:12.575 4523==    <inherited from parent>
==00:00:00:12.575 4523== 
==00:00:00:12.575 4523== Open file descriptor 0: /dev/pts/0
==00:00:00:12.575 4523==    <inherited from parent>
==00:00:00:12.575 4523== 
==00:00:00:12.575 4523== 
==00:00:00:12.575 4523== HEAP SUMMARY:
==00:00:00:12.575 4523==     in use at exit: 0 bytes in 0 blocks
==00:00:00:12.575 4523==   total heap usage: 12,033 allocs, 12,033 frees, 219,508,312 bytes allocated
==00:00:00:12.575 4523== 
==00:00:00:12.575 4523== All heap blocks were freed -- no leaks are possible
==00:00:00:12.575 4523== 
==00:00:00:12.575 4523== For counts of detected and suppressed errors, rerun with: -v
==00:00:00:12.575 4523== ERROR SUMMARY: 0 errors from 0 contexts (suppressed: 0 from 0)
